# JRE version: OpenJDK Runtime Environment Temurin-21.0.8+9 (21.0.8+9) (build 21.0.8+9-LTS)
# Java VM: OpenJDK 64-Bit Server VM Temurin-21.0.8+9 (21.0.8+9-LTS, mixed mode, sharing, tiered, compressed oops, compressed class ptrs, parallel gc, windows-amd64)
GC Precious Log:
 CardTable entry size: 512
 CPUs: 8 total, 8 available
 Memory: 16124M
 Large Page Support: Disabled
 NUMA Support: Disabled
 Compressed Oops: Enabled (32-bit)
 Alignments: Space 512K, Generation 512K, Heap 2M
 Heap Min Capacity: 100M
 Heap Initial Capacity: 100M
 Heap Max Capacity: 2G
 Pre-touch: Disabled
 Parallel Workers: 8
Heap:
 PSYoungGen      total 5632K, used 2109K [0x00000000d5580000, 0x00000000d5c80000, 0x0000000100000000)
  eden space 5120K, 36% used [0x00000000d5580000,0x00000000d5757730,0x00000000d5a80000)
  from space 512K, 43% used [0x00000000d5c00000,0x00000000d5c38000,0x00000000d5c80000)
  to   space 512K, 0% used [0x00000000d5a80000,0x00000000d5a80000,0x00000000d5b00000)
 ParOldGen       total 1215488K, used 1215256K [0x0000000080000000, 0x00000000ca300000, 0x00000000d5580000)
  object space 1215488K, 99% used [0x0000000080000000,0x00000000ca2c63b0,0x00000000ca300000)
 Metaspace       used 89615K, committed 91264K, reserved 1179648K
  class space    used 9102K, committed 9856K, reserved 1048576K
GC Heap History (20 events):
Event: 601.362 GC heap before
{Heap before GC invocations=2840 (full 5):
 PSYoungGen      total 3584K, used 3232K [0x00000000d5580000, 0x00000000d5c00000, 0x0000000100000000)
  eden space 3072K, 100% used [0x00000000d5580000,0x00000000d5880000,0x00000000d5880000)
  from space 512K, 31% used [0x00000000d5b80000,0x00000000d5ba8000,0x00000000d5c00000)
  to   space 512K, 0% used [0x00000000d5b00000,0x00000000d5b00000,0x00000000d5b80000)
 ParOldGen       total 1203200K, used 1203146K [0x0000000080000000, 0x00000000c9700000, 0x00000000d5580000)
  object space 1203200K, 99% used [0x0000000080000000,0x00000000c96f2808,0x00000000c9700000)
 Metaspace       used 89598K, committed 91264K, reserved 1179648K
  class space    used 9102K, committed 9856K, reserved 1048576K
}
Event: 601.364 GC heap after
{Heap after GC invocations=2840 (full 5):
 PSYoungGen      total 3584K, used 448K [0x00000000d5580000, 0x00000000d5c00000, 0x0000000100000000)
  eden space 3072K, 0% used [0x00000000d5580000,0x00000000d5580000,0x00000000d5880000)
  from space 512K, 87% used [0x00000000d5b00000,0x00000000d5b70000,0x00000000d5b80000)
  to   space 512K, 0% used [0x00000000d5b80000,0x00000000d5b80000,0x00000000d5c00000)
 ParOldGen       total 1203712K, used 1203202K [0x0000000080000000, 0x00000000c9780000, 0x00000000d5580000)
  object space 1203712K, 99% used [0x0000000080000000,0x00000000c9700808,0x00000000c9780000)
 Metaspace       used 89598K, committed 91264K, reserved 1179648K
  class space    used 9102K, committed 9856K, reserved 1048576K
}
Event: 601.368 GC heap before
{Heap before GC invocations=2841 (full 5):
 PSYoungGen      total 3584K, used 3520K [0x00000000d5580000, 0x00000000d5c00000, 0x0000000100000000)
  eden space 3072K, 100% used [0x00000000d5580000,0x00000000d5880000,0x00000000d5880000)
  from space 512K, 87% used [0x00000000d5b00000,0x00000000d5b70000,0x00000000d5b80000)
  to   space 512K, 0% used [0x00000000d5b80000,0x00000000d5b80000,0x00000000d5c00000)
 ParOldGen       total 1203712K, used 1203202K [0x0000000080000000, 0x00000000c9780000, 0x00000000d5580000)
  object space 1203712K, 99% used [0x0000000080000000,0x00000000c9700808,0x00000000c9780000)
 Metaspace       used 89598K, committed 91264K, reserved 1179648K
  class space    used 9102K, committed 9856K, reserved 1048576K
}
Event: 601.371 GC heap after
{Heap after GC invocations=2841 (full 5):
 PSYoungGen      total 2560K, used 487K [0x00000000d5580000, 0x00000000d6080000, 0x0000000100000000)
  eden space 2048K, 0% used [0x00000000d5580000,0x00000000d5580000,0x00000000d5780000)
  from space 512K, 95% used [0x00000000d5b80000,0x00000000d5bf9dc8,0x00000000d5c00000)
  to   space 4096K, 0% used [0x00000000d5780000,0x00000000d5780000,0x00000000d5b80000)
 ParOldGen       total 1206272K, used 1206132K [0x0000000080000000, 0x00000000c9a00000, 0x00000000d5580000)
  object space 1206272K, 99% used [0x0000000080000000,0x00000000c99dd378,0x00000000c9a00000)
 Metaspace       used 89598K, committed 91264K, reserved 1179648K
  class space    used 9102K, committed 9856K, reserved 1048576K
}
Event: 601.374 GC heap before
{Heap before GC invocations=2842 (full 5):
 PSYoungGen      total 2560K, used 2535K [0x00000000d5580000, 0x00000000d6080000, 0x0000000100000000)
  eden space 2048K, 100% used [0x00000000d5580000,0x00000000d5780000,0x00000000d5780000)
  from space 512K, 95% used [0x00000000d5b80000,0x00000000d5bf9dc8,0x00000000d5c00000)
  to   space 4096K, 0% used [0x00000000d5780000,0x00000000d5780000,0x00000000d5b80000)
 ParOldGen       total 1206272K, used 1206132K [0x0000000080000000, 0x00000000c9a00000, 0x00000000d5580000)
  object space 1206272K, 99% used [0x0000000080000000,0x00000000c99dd378,0x00000000c9a00000)
 Metaspace       used 89598K, committed 91264K, reserved 1179648K
  class space    used 9102K, committed 9856K, reserved 1048576K
}
Event: 601.377 GC heap after
{Heap after GC invocations=2842 (full 5):
 PSYoungGen      total 4096K, used 2030K [0x00000000d5580000, 0x00000000d5d00000, 0x0000000100000000)
  eden space 2048K, 0% used [0x00000000d5580000,0x00000000d5580000,0x00000000d5780000)
  from space 2048K, 99% used [0x00000000d5780000,0x00000000d597bb90,0x00000000d5980000)
  to   space 2560K, 0% used [0x00000000d5a80000,0x00000000d5a80000,0x00000000d5d00000)
 ParOldGen       total 1206784K, used 1206660K [0x0000000080000000, 0x00000000c9a80000, 0x00000000d5580000)
  object space 1206784K, 99% used [0x0000000080000000,0x00000000c9a61140,0x00000000c9a80000)
 Metaspace       used 89598K, committed 91264K, reserved 1179648K
  class space    used 9102K, committed 9856K, reserved 1048576K
}
Event: 601.379 GC heap before
{Heap before GC invocations=2843 (full 5):
 PSYoungGen      total 4096K, used 4078K [0x00000000d5580000, 0x00000000d5d00000, 0x0000000100000000)
  eden space 2048K, 100% used [0x00000000d5580000,0x00000000d5780000,0x00000000d5780000)
  from space 2048K, 99% used [0x00000000d5780000,0x00000000d597bb90,0x00000000d5980000)
  to   space 2560K, 0% used [0x00000000d5a80000,0x00000000d5a80000,0x00000000d5d00000)
 ParOldGen       total 1206784K, used 1206660K [0x0000000080000000, 0x00000000c9a80000, 0x00000000d5580000)
  object space 1206784K, 99% used [0x0000000080000000,0x00000000c9a61140,0x00000000c9a80000)
 Metaspace       used 89598K, committed 91264K, reserved 1179648K
  class space    used 9102K, committed 9856K, reserved 1048576K
}
Event: 601.382 GC heap after
{Heap after GC invocations=2843 (full 5):
 PSYoungGen      total 5120K, used 2112K [0x00000000d5580000, 0x00000000d5d00000, 0x0000000100000000)
  eden space 2560K, 0% used [0x00000000d5580000,0x00000000d5580000,0x00000000d5800000)
  from space 2560K, 82% used [0x00000000d5a80000,0x00000000d5c90000,0x00000000d5d00000)
  to   space 2560K, 0% used [0x00000000d5800000,0x00000000d5800000,0x00000000d5a80000)
 ParOldGen       total 1208832K, used 1208651K [0x0000000080000000, 0x00000000c9c80000, 0x00000000d5580000)
  object space 1208832K, 99% used [0x0000000080000000,0x00000000c9c52cd0,0x00000000c9c80000)
 Metaspace       used 89598K, committed 91264K, reserved 1179648K
  class space    used 9102K, committed 9856K, reserved 1048576K
}
Event: 601.389 GC heap before
{Heap before GC invocations=2844 (full 5):
 PSYoungGen      total 5120K, used 4672K [0x00000000d5580000, 0x00000000d5d00000, 0x0000000100000000)
  eden space 2560K, 100% used [0x00000000d5580000,0x00000000d5800000,0x00000000d5800000)
  from space 2560K, 82% used [0x00000000d5a80000,0x00000000d5c90000,0x00000000d5d00000)
  to   space 2560K, 0% used [0x00000000d5800000,0x00000000d5800000,0x00000000d5a80000)
 ParOldGen       total 1208832K, used 1208651K [0x0000000080000000, 0x00000000c9c80000, 0x00000000d5580000)
  object space 1208832K, 99% used [0x0000000080000000,0x00000000c9c52cd0,0x00000000c9c80000)
 Metaspace       used 89598K, committed 91264K, reserved 1179648K
  class space    used 9102K, committed 9856K, reserved 1048576K
}
Event: 601.392 GC heap after
{Heap after GC invocations=2844 (full 5):
 PSYoungGen      total 5120K, used 2030K [0x00000000d5580000, 0x00000000d5d80000, 0x0000000100000000)
  eden space 2560K, 0% used [0x00000000d5580000,0x00000000d5580000,0x00000000d5800000)
  from space 2560K, 79% used [0x00000000d5800000,0x00000000d59fbb90,0x00000000d5a80000)
  to   space 2560K, 0% used [0x00000000d5b00000,0x00000000d5b00000,0x00000000d5d80000)
 ParOldGen       total 1210880K, used 1210691K [0x0000000080000000, 0x00000000c9e80000, 0x00000000d5580000)
  object space 1210880K, 99% used [0x0000000080000000,0x00000000c9e50cd0,0x00000000c9e80000)
 Metaspace       used 89598K, committed 91264K, reserved 1179648K
  class space    used 9102K, committed 9856K, reserved 1048576K
}
Event: 601.396 GC heap before
{Heap before GC invocations=2845 (full 5):
 PSYoungGen      total 5120K, used 4569K [0x00000000d5580000, 0x00000000d5d80000, 0x0000000100000000)
  eden space 2560K, 99% used [0x00000000d5580000,0x00000000d57faba8,0x00000000d5800000)
  from space 2560K, 79% used [0x00000000d5800000,0x00000000d59fbb90,0x00000000d5a80000)
  to   space 2560K, 0% used [0x00000000d5b00000,0x00000000d5b00000,0x00000000d5d80000)
 ParOldGen       total 1210880K, used 1210691K [0x0000000080000000, 0x00000000c9e80000, 0x00000000d5580000)
  object space 1210880K, 99% used [0x0000000080000000,0x00000000c9e50cd0,0x00000000c9e80000)
 Metaspace       used 89598K, committed 91264K, reserved 1179648K
  class space    used 9102K, committed 9856K, reserved 1048576K
}
Event: 601.398 GC heap after
{Heap after GC invocations=2845 (full 5):
 PSYoungGen      total 3584K, used 192K [0x00000000d5580000, 0x00000000d5b80000, 0x0000000100000000)
  eden space 3072K, 0% used [0x00000000d5580000,0x00000000d5580000,0x00000000d5880000)
  from space 512K, 37% used [0x00000000d5b00000,0x00000000d5b30000,0x00000000d5b80000)
  to   space 1024K, 0% used [0x00000000d5980000,0x00000000d5980000,0x00000000d5a80000)
 ParOldGen       total 1211904K, used 1211434K [0x0000000080000000, 0x00000000c9f80000, 0x00000000d5580000)
  object space 1211904K, 99% used [0x0000000080000000,0x00000000c9f0a820,0x00000000c9f80000)
 Metaspace       used 89598K, committed 91264K, reserved 1179648K
  class space    used 9102K, committed 9856K, reserved 1048576K
}
Event: 601.401 GC heap before
{Heap before GC invocations=2846 (full 5):
 PSYoungGen      total 3584K, used 3263K [0x00000000d5580000, 0x00000000d5b80000, 0x0000000100000000)
  eden space 3072K, 99% used [0x00000000d5580000,0x00000000d587fff0,0x00000000d5880000)
  from space 512K, 37% used [0x00000000d5b00000,0x00000000d5b30000,0x00000000d5b80000)
  to   space 1024K, 0% used [0x00000000d5980000,0x00000000d5980000,0x00000000d5a80000)
 ParOldGen       total 1211904K, used 1211434K [0x0000000080000000, 0x00000000c9f80000, 0x00000000d5580000)
  object space 1211904K, 99% used [0x0000000080000000,0x00000000c9f0a820,0x00000000c9f80000)
 Metaspace       used 89598K, committed 91264K, reserved 1179648K
  class space    used 9102K, committed 9856K, reserved 1048576K
}
Event: 601.404 GC heap after
{Heap after GC invocations=2846 (full 5):
 PSYoungGen      total 5120K, used 1006K [0x00000000d5580000, 0x00000000d5f80000, 0x0000000100000000)
  eden space 4096K, 0% used [0x00000000d5580000,0x00000000d5580000,0x00000000d5980000)
  from space 1024K, 98% used [0x00000000d5980000,0x00000000d5a7bb90,0x00000000d5a80000)
  to   space 3072K, 0% used [0x00000000d5c80000,0x00000000d5c80000,0x00000000d5f80000)
 ParOldGen       total 1213440K, used 1212978K [0x0000000080000000, 0x00000000ca100000, 0x00000000d5580000)
  object space 1213440K, 99% used [0x0000000080000000,0x00000000ca08c820,0x00000000ca100000)
 Metaspace       used 89598K, committed 91264K, reserved 1179648K
  class space    used 9102K, committed 9856K, reserved 1048576K
}
Event: 605.072 GC heap before
{Heap before GC invocations=2847 (full 5):
 PSYoungGen      total 5120K, used 5102K [0x00000000d5580000, 0x00000000d5f80000, 0x0000000100000000)
  eden space 4096K, 100% used [0x00000000d5580000,0x00000000d5980000,0x00000000d5980000)
  from space 1024K, 98% used [0x00000000d5980000,0x00000000d5a7bb90,0x00000000d5a80000)
  to   space 3072K, 0% used [0x00000000d5c80000,0x00000000d5c80000,0x00000000d5f80000)
 ParOldGen       total 1213440K, used 1212978K [0x0000000080000000, 0x00000000ca100000, 0x00000000d5580000)
  object space 1213440K, 99% used [0x0000000080000000,0x00000000ca08c820,0x00000000ca100000)
 Metaspace       used 89600K, committed 91264K, reserved 1179648K
  class space    used 9102K, committed 9856K, reserved 1048576K
}
Event: 605.075 GC heap after
{Heap after GC invocations=2847 (full 5):
 PSYoungGen      total 7168K, used 1280K [0x00000000d5580000, 0x00000000d5e80000, 0x0000000100000000)
  eden space 5120K, 0% used [0x00000000d5580000,0x00000000d5580000,0x00000000d5a80000)
  from space 2048K, 62% used [0x00000000d5c80000,0x00000000d5dc0000,0x00000000d5e80000)
  to   space 2048K, 0% used [0x00000000d5a80000,0x00000000d5a80000,0x00000000d5c80000)
 ParOldGen       total 1214464K, used 1214024K [0x0000000080000000, 0x00000000ca200000, 0x00000000d5580000)
  object space 1214464K, 99% used [0x0000000080000000,0x00000000ca1923b0,0x00000000ca200000)
 Metaspace       used 89600K, committed 91264K, reserved 1179648K
  class space    used 9102K, committed 9856K, reserved 1048576K
}
Event: 606.903 GC heap before
{Heap before GC invocations=2848 (full 5):
 PSYoungGen      total 7168K, used 6400K [0x00000000d5580000, 0x00000000d5e80000, 0x0000000100000000)
  eden space 5120K, 100% used [0x00000000d5580000,0x00000000d5a80000,0x00000000d5a80000)
  from space 2048K, 62% used [0x00000000d5c80000,0x00000000d5dc0000,0x00000000d5e80000)
  to   space 2048K, 0% used [0x00000000d5a80000,0x00000000d5a80000,0x00000000d5c80000)
 ParOldGen       total 1214464K, used 1214024K [0x0000000080000000, 0x00000000ca200000, 0x00000000d5580000)
  object space 1214464K, 99% used [0x0000000080000000,0x00000000ca1923b0,0x00000000ca200000)
 Metaspace       used 89600K, committed 91264K, reserved 1179648K
  class space    used 9102K, committed 9856K, reserved 1048576K
}
Event: 606.905 GC heap after
{Heap after GC invocations=2848 (full 5):
 PSYoungGen      total 5632K, used 128K [0x00000000d5580000, 0x00000000d5d00000, 0x0000000100000000)
  eden space 5120K, 0% used [0x00000000d5580000,0x00000000d5580000,0x00000000d5a80000)
  from space 512K, 25% used [0x00000000d5a80000,0x00000000d5aa0000,0x00000000d5b00000)
  to   space 1024K, 0% used [0x00000000d5c00000,0x00000000d5c00000,0x00000000d5d00000)
 ParOldGen       total 1215488K, used 1215232K [0x0000000080000000, 0x00000000ca300000, 0x00000000d5580000)
  object space 1215488K, 99% used [0x0000000080000000,0x00000000ca2c03b0,0x00000000ca300000)
 Metaspace       used 89600K, committed 91264K, reserved 1179648K
  class space    used 9102K, committed 9856K, reserved 1048576K
}
Event: 911.931 GC heap before
{Heap before GC invocations=2849 (full 5):
 PSYoungGen      total 5632K, used 5248K [0x00000000d5580000, 0x00000000d5d00000, 0x0000000100000000)
  eden space 5120K, 100% used [0x00000000d5580000,0x00000000d5a80000,0x00000000d5a80000)
  from space 512K, 25% used [0x00000000d5a80000,0x00000000d5aa0000,0x00000000d5b00000)
  to   space 1024K, 0% used [0x00000000d5c00000,0x00000000d5c00000,0x00000000d5d00000)
 ParOldGen       total 1215488K, used 1215232K [0x0000000080000000, 0x00000000ca300000, 0x00000000d5580000)
  object space 1215488K, 99% used [0x0000000080000000,0x00000000ca2c03b0,0x00000000ca300000)
 Metaspace       used 89605K, committed 91264K, reserved 1179648K
  class space    used 9102K, committed 9856K, reserved 1048576K
}
Event: 911.937 GC heap after
{Heap after GC invocations=2849 (full 5):
 PSYoungGen      total 5632K, used 224K [0x00000000d5580000, 0x00000000d5c80000, 0x0000000100000000)
  eden space 5120K, 0% used [0x00000000d5580000,0x00000000d5580000,0x00000000d5a80000)
  from space 512K, 43% used [0x00000000d5c00000,0x00000000d5c38000,0x00000000d5c80000)
  to   space 512K, 0% used [0x00000000d5a80000,0x00000000d5a80000,0x00000000d5b00000)
 ParOldGen       total 1215488K, used 1215256K [0x0000000080000000, 0x00000000ca300000, 0x00000000d5580000)
  object space 1215488K, 99% used [0x0000000080000000,0x00000000ca2c63b0,0x00000000ca300000)
 Metaspace       used 89605K, committed 91264K, reserved 1179648K
  class space    used 9102K, committed 9856K, reserved 1048576K
}

